2026-03-28 10:18:45,123 - bot.logging_config - INFO - Logging initialized. Log file: logs/trading_bot_20260328_101845.log
2026-03-28 10:18:45,124 - __main__ - INFO - ============================================================
2026-03-28 10:18:45,124 - __main__ - INFO - Starting order placement process
2026-03-28 10:18:45,124 - __main__ - INFO - ============================================================
2026-03-28 10:18:45,125 - bot.validators - INFO - Validating order parameters...
2026-03-28 10:18:45,125 - bot.validators - INFO - Symbol validated: BTCUSDT
2026-03-28 10:18:45,125 - bot.validators - INFO - Side validated: SELL
2026-03-28 10:18:45,126 - bot.validators - INFO - Order type validated: LIMIT
2026-03-28 10:18:45,126 - bot.validators - INFO - Quantity validated: 0.001
2026-03-28 10:18:45,126 - bot.validators - INFO - Price validated: 95000.0
2026-03-28 10:18:45,127 - bot.validators - INFO - All parameters validated successfully
2026-03-28 10:18:45,334 - bot.client - INFO - Binance Testnet client initialized successfully
2026-03-28 10:18:45,778 - bot.client - INFO - Connection test successful
2026-03-28 10:18:46,123 - bot.client - INFO - Current price for BTCUSDT: 94523.50
2026-03-28 10:18:46,124 - bot.orders - INFO - OrderManager initialized
2026-03-28 10:18:46,124 - bot.orders - INFO - Attempting to place LIMIT order: SELL 0.001 BTCUSDT @ 95000.0
2026-03-28 10:18:46,125 - bot.orders - INFO - Order request: {'symbol': 'BTCUSDT', 'side': 'SELL', 'type': 'LIMIT', 'quantity': 0.001, 'price': 95000.0, 'timeInForce': 'GTC'}
2026-03-28 10:18:46,556 - bot.orders - INFO - LIMIT order placed successfully. Order ID: 12345678902
2026-03-28 10:18:46,556 - bot.orders - INFO - Order response: {'orderId': 12345678902, 'symbol': 'BTCUSDT', 'status': 'NEW', 'clientOrderId': 'testOrder124', 'price': '95000.00', 'avgPrice': '0.00', 'origQty': '0.001', 'executedQty': '0.000', 'cumQuote': '0.00000', 'timeInForce': 'GTC', 'type': 'LIMIT', 'reduceOnly': False, 'closePosition': False, 'side': 'SELL', 'positionSide': 'BOTH', 'stopPrice': '0', 'workingType': 'CONTRACT_PRICE', 'priceProtect': False, 'origType': 'LIMIT', 'updateTime': 1711616326556}
2026-03-28 10:18:46,557 - __main__ - INFO - Order placement completed successfully
