2026-03-28 23:41:07,446 - bot.logging_config - INFO - Logging initialized. Log file: logs\trading_bot_20260328_234107.log
2026-03-28 23:41:07,451 - __main__ - INFO - ============================================================
2026-03-28 23:41:07,451 - __main__ - INFO - Starting order placement process
2026-03-28 23:41:07,451 - __main__ - INFO - ============================================================
2026-03-28 23:41:07,461 - bot.validators - INFO - Validating order parameters...
2026-03-28 23:41:07,461 - bot.validators - INFO - Order type validated: MARKET
2026-03-28 23:41:07,461 - bot.validators - INFO - Symbol validated: BTCUSDT
2026-03-28 23:41:07,462 - bot.validators - INFO - Side validated: BUY
2026-03-28 23:41:07,466 - bot.validators - INFO - Quantity validated: 0.002
2026-03-28 23:41:07,466 - bot.validators - INFO - All parameters validated successfully
2026-03-28 23:41:51,650 - bot.client - INFO - Synchronized Binance server time. Offset set to 7403ms
2026-03-28 23:41:51,650 - bot.client - INFO - Binance Testnet client initialized successfully
2026-03-28 23:41:52,116 - bot.client - INFO - Connection test successful
2026-03-28 23:41:52,378 - bot.client - INFO - Current price for BTCUSDT: 66887.1
2026-03-28 23:41:52,379 - bot.orders - INFO - OrderManager initialized
2026-03-28 23:41:52,379 - bot.orders - INFO - Attempting to place MARKET order: BUY 0.002 BTCUSDT
2026-03-28 23:41:52,380 - bot.orders - INFO - Order request: {'symbol': 'BTCUSDT', 'side': 'BUY', 'type': 'MARKET', 'quantity': 0.002}
2026-03-28 23:41:52,674 - bot.orders - INFO - MARKET order placed successfully. Order ID: 13002683257
2026-03-28 23:41:52,674 - bot.orders - INFO - Order response: {'orderId': 13002683257, 'symbol': 'BTCUSDT', 'status': 'NEW', 'clientOrderId': '2DYurDByg7Wjgx49H9fx7i', 'price': '0.00', 'avgPrice': '0.00', 'origQty': '0.002', 'executedQty': '0.000', 'cumQty': '0.000', 'cumQuote': '0.00000', 'timeInForce': 'GTC', 'type': 'MARKET', 'reduceOnly': False, 'closePosition': False, 'side': 'BUY', 'positionSide': 'BOTH', 'stopPrice': '0.00', 'workingType': 'CONTRACT_PRICE', 'priceProtect': False, 'origType': 'MARKET', 'priceMatch': 'NONE', 'selfTradePreventionMode': 'EXPIRE_MAKER', 'goodTillDate': 0, 'updateTime': 1774721520083}
2026-03-28 23:41:52,675 - __main__ - INFO - Order placement completed successfully
